<?xml version="1.0" encoding="UTF-8"?>
<!-- Generated by org.testng.reporters.JUnitXMLReporter -->
<testsuite hostname="LAPTOP-GGQTNJJE" ignored="0" name="Default test" tests="7" failures="0" timestamp="2023-03-15T18:35:35 IST" time="25.748" errors="0">
  <testcase name="purchase" time="1.99" classname="TestScripts.ExScriptFile"/>
  <testcase name="additem" time="4.5" classname="TestScripts.ExScriptFile"/>
  <testcase name="additem" time="3.831" classname="TestScripts.ExScriptFile"/>
  <testcase name="additem" time="4.252" classname="TestScripts.ExScriptFile"/>
  <testcase name="additem" time="3.688" classname="TestScripts.ExScriptFile"/>
  <testcase name="delete" time="0.123" classname="TestScripts.ExScriptFile"/>
  <testcase name="placeorder" time="3.678" classname="TestScripts.ExScriptFile"/>
</testsuite> <!-- Default test -->
